[INFO  - 2018-07-12T02:16:42.822Z] GhostDriver - Main - running on port 14795
[INFO  - 2018-07-12T02:16:43.831Z] Session [9ee64bf0-8579-11e8-bc90-8b8a82fab43b] - page.settings - {"XSSAuditingEnabled":false,"javascriptCanCloseWindows":true,"javascriptCanOpenWindows":true,"javascriptEnabled":true,"loadImages":true,"localToRemoteUrlAccessEnabled":false,"userAgent":"Mozilla/5.0 (Windows NT 6.2; WOW64) AppleWebKit/538.1 (KHTML, like Gecko) PhantomJS/2.1.1 Safari/538.1","webSecurityEnabled":true}
[INFO  - 2018-07-12T02:16:43.831Z] Session [9ee64bf0-8579-11e8-bc90-8b8a82fab43b] - page.customHeaders:  - {}
[INFO  - 2018-07-12T02:16:43.833Z] Session [9ee64bf0-8579-11e8-bc90-8b8a82fab43b] - Session.negotiatedCapabilities - {"browserName":"phantomjs","version":"2.1.1","driverName":"ghostdriver","driverVersion":"1.2.0","platform":"windows-10-32bit","javascriptEnabled":true,"takesScreenshot":true,"handlesAlerts":false,"databaseEnabled":false,"locationContextEnabled":false,"applicationCacheEnabled":false,"browserConnectionEnabled":false,"cssSelectorsEnabled":true,"webStorageEnabled":false,"rotatable":false,"acceptSslCerts":false,"nativeEvents":true,"proxy":{"proxyType":"direct"}}
[INFO  - 2018-07-12T02:16:43.834Z] SessionManagerReqHand - _postNewSessionCommand - New Session Created: 9ee64bf0-8579-11e8-bc90-8b8a82fab43b
[ERROR - 2018-07-12T02:16:44.149Z] WebElementLocator - _handleLocateCommand - Element(s) NOT Found: GAVE UP. Search Stop Time: 1531361804093
[INFO  - 2018-07-12T02:16:49.236Z] ShutdownReqHand - _handle - About to shutdown
[INFO  - 2018-07-12T02:19:04.890Z] GhostDriver - Main - running on port 20974
[INFO  - 2018-07-12T02:19:05.251Z] Session [f33194d0-8579-11e8-9bb3-ad580e6eda07] - page.settings - {"XSSAuditingEnabled":false,"javascriptCanCloseWindows":true,"javascriptCanOpenWindows":true,"javascriptEnabled":true,"loadImages":true,"localToRemoteUrlAccessEnabled":false,"userAgent":"Mozilla/5.0 (Windows NT 6.2; WOW64) AppleWebKit/538.1 (KHTML, like Gecko) PhantomJS/2.1.1 Safari/538.1","webSecurityEnabled":true}
[INFO  - 2018-07-12T02:19:05.251Z] Session [f33194d0-8579-11e8-9bb3-ad580e6eda07] - page.customHeaders:  - {}
[INFO  - 2018-07-12T02:19:05.252Z] Session [f33194d0-8579-11e8-9bb3-ad580e6eda07] - Session.negotiatedCapabilities - {"browserName":"phantomjs","version":"2.1.1","driverName":"ghostdriver","driverVersion":"1.2.0","platform":"windows-10-32bit","javascriptEnabled":true,"takesScreenshot":true,"handlesAlerts":false,"databaseEnabled":false,"locationContextEnabled":false,"applicationCacheEnabled":false,"browserConnectionEnabled":false,"cssSelectorsEnabled":true,"webStorageEnabled":false,"rotatable":false,"acceptSslCerts":false,"nativeEvents":true,"proxy":{"proxyType":"direct"}}
[INFO  - 2018-07-12T02:19:05.252Z] SessionManagerReqHand - _postNewSessionCommand - New Session Created: f33194d0-8579-11e8-9bb3-ad580e6eda07
[ERROR - 2018-07-12T02:19:05.888Z] Session [f33194d0-8579-11e8-9bb3-ad580e6eda07] - page.onError - msg: ReferenceError: Can't find variable: c
[ERROR - 2018-07-12T02:19:05.889Z] Session [f33194d0-8579-11e8-9bb3-ad580e6eda07] - page.onError - stack:
  sendLog (https://ss1.bdstatic.com/5eN1bjq8AAUYm2zgoY3K/r/www/cache/static/protocol/https/plugins/every_cookie_4644b13.js:4)
  (anonymous function) (https://ss1.bdstatic.com/5eN1bjq8AAUYm2zgoY3K/r/www/cache/static/protocol/https/plugins/every_cookie_4644b13.js:5)
[ERROR - 2018-07-12T02:19:06.459Z] Session [f33194d0-8579-11e8-9bb3-ad580e6eda07] - page.onError - msg: TypeError: undefined is not a constructor (evaluating 'jQuery110208924745086114854_1531361945802')
[ERROR - 2018-07-12T02:19:06.460Z] Session [f33194d0-8579-11e8-9bb3-ad580e6eda07] - page.onError - stack:
  global code (https://sp0.baidu.com/5a1Fazu8AA54nxGko9WTAnF6hhy/su?wd=PhantomJ&json=1&p=3&sid=1459_21090_18559_26350_20929&csor=8&pwd=Phantom&cb=jQuery110208924745086114854_1531361945802&_=1531361945811:1)
[INFO  - 2018-07-12T02:19:11.259Z] ShutdownReqHand - _handle - About to shutdown
[INFO  - 2018-07-12T02:20:57.893Z] GhostDriver - Main - running on port 27172
[INFO  - 2018-07-12T02:20:58.861Z] Session [36e8f060-857a-11e8-b384-4f5eb5aa5cf1] - page.settings - {"XSSAuditingEnabled":false,"javascriptCanCloseWindows":true,"javascriptCanOpenWindows":true,"javascriptEnabled":true,"loadImages":true,"localToRemoteUrlAccessEnabled":false,"userAgent":"Mozilla/5.0 (Windows NT 6.2; WOW64) AppleWebKit/538.1 (KHTML, like Gecko) PhantomJS/2.1.1 Safari/538.1","webSecurityEnabled":true}
[INFO  - 2018-07-12T02:20:58.861Z] Session [36e8f060-857a-11e8-b384-4f5eb5aa5cf1] - page.customHeaders:  - {}
[INFO  - 2018-07-12T02:20:58.862Z] Session [36e8f060-857a-11e8-b384-4f5eb5aa5cf1] - Session.negotiatedCapabilities - {"browserName":"phantomjs","version":"2.1.1","driverName":"ghostdriver","driverVersion":"1.2.0","platform":"windows-10-32bit","javascriptEnabled":true,"takesScreenshot":true,"handlesAlerts":false,"databaseEnabled":false,"locationContextEnabled":false,"applicationCacheEnabled":false,"browserConnectionEnabled":false,"cssSelectorsEnabled":true,"webStorageEnabled":false,"rotatable":false,"acceptSslCerts":false,"nativeEvents":true,"proxy":{"proxyType":"direct"}}
[INFO  - 2018-07-12T02:20:58.862Z] SessionManagerReqHand - _postNewSessionCommand - New Session Created: 36e8f060-857a-11e8-b384-4f5eb5aa5cf1
[ERROR - 2018-07-12T02:21:00.858Z] WebElementLocator - _handleLocateCommand - Element(s) NOT Found: GAVE UP. Search Stop Time: 1531362060840
[INFO  - 2018-07-12T02:21:04.129Z] ShutdownReqHand - _handle - About to shutdown
[INFO  - 2018-07-12T02:22:09.911Z] GhostDriver - Main - running on port 4640
[INFO  - 2018-07-12T02:22:10.860Z] Session [61d34460-857a-11e8-bcbb-5f652a3dd3de] - page.settings - {"XSSAuditingEnabled":false,"javascriptCanCloseWindows":true,"javascriptCanOpenWindows":true,"javascriptEnabled":true,"loadImages":true,"localToRemoteUrlAccessEnabled":false,"userAgent":"Mozilla/5.0 (Windows NT 6.2; WOW64) AppleWebKit/538.1 (KHTML, like Gecko) PhantomJS/2.1.1 Safari/538.1","webSecurityEnabled":true}
[INFO  - 2018-07-12T02:22:10.860Z] Session [61d34460-857a-11e8-bcbb-5f652a3dd3de] - page.customHeaders:  - {}
[INFO  - 2018-07-12T02:22:10.860Z] Session [61d34460-857a-11e8-bcbb-5f652a3dd3de] - Session.negotiatedCapabilities - {"browserName":"phantomjs","version":"2.1.1","driverName":"ghostdriver","driverVersion":"1.2.0","platform":"windows-10-32bit","javascriptEnabled":true,"takesScreenshot":true,"handlesAlerts":false,"databaseEnabled":false,"locationContextEnabled":false,"applicationCacheEnabled":false,"browserConnectionEnabled":false,"cssSelectorsEnabled":true,"webStorageEnabled":false,"rotatable":false,"acceptSslCerts":false,"nativeEvents":true,"proxy":{"proxyType":"direct"}}
[INFO  - 2018-07-12T02:22:10.860Z] SessionManagerReqHand - _postNewSessionCommand - New Session Created: 61d34460-857a-11e8-bcbb-5f652a3dd3de
[ERROR - 2018-07-12T02:22:11.127Z] RouterReqHand - _handle.error - {"name":"Invalid Command Method","message":"{\"headers\":{\"Accept-Encoding\":\"gzip\",\"Cache-Control\":\"no-cache\",\"Connection\":\"Keep-Alive\",\"Host\":\"localhost:4640\",\"User-Agent\":\"selenium/3.13.0 (java windows)\"},\"httpVersion\":\"1.1\",\"method\":\"GET\",\"url\":\"/alert_text\",\"urlParsed\":{\"anchor\":\"\",\"query\":\"\",\"file\":\"alert_text\",\"directory\":\"/\",\"path\":\"/alert_text\",\"relative\":\"/alert_text\",\"port\":\"\",\"host\":\"\",\"password\":\"\",\"user\":\"\",\"userInfo\":\"\",\"authority\":\"\",\"protocol\":\"\",\"source\":\"/alert_text\",\"queryKey\":{},\"chunks\":[\"alert_text\"]},\"urlOriginal\":\"/session/61d34460-857a-11e8-bcbb-5f652a3dd3de/alert_text\"}","line":202,"sourceURL":"phantomjs://code/session_request_handler.js","stack":"_handle@phantomjs://code/session_request_handler.js:202:66\n_reroute@phantomjs://code/request_handler.js:61:20\n_handle@phantomjs://code/router_request_handler.js:78:46"}
[INFO  - 2018-07-12T02:22:14.159Z] ShutdownReqHand - _handle - About to shutdown
[INFO  - 2018-07-12T02:24:22.653Z] GhostDriver - Main - running on port 4328
[INFO  - 2018-07-12T02:24:23.326Z] Session [b0c7ab60-857a-11e8-835b-b305f97218d6] - page.settings - {"XSSAuditingEnabled":false,"javascriptCanCloseWindows":true,"javascriptCanOpenWindows":true,"javascriptEnabled":true,"loadImages":true,"localToRemoteUrlAccessEnabled":false,"userAgent":"Mozilla/5.0 (Windows NT 6.2; WOW64) AppleWebKit/538.1 (KHTML, like Gecko) PhantomJS/2.1.1 Safari/538.1","webSecurityEnabled":true}
[INFO  - 2018-07-12T02:24:23.326Z] Session [b0c7ab60-857a-11e8-835b-b305f97218d6] - page.customHeaders:  - {}
[INFO  - 2018-07-12T02:24:23.326Z] Session [b0c7ab60-857a-11e8-835b-b305f97218d6] - Session.negotiatedCapabilities - {"browserName":"phantomjs","version":"2.1.1","driverName":"ghostdriver","driverVersion":"1.2.0","platform":"windows-10-32bit","javascriptEnabled":true,"takesScreenshot":true,"handlesAlerts":false,"databaseEnabled":false,"locationContextEnabled":false,"applicationCacheEnabled":false,"browserConnectionEnabled":false,"cssSelectorsEnabled":true,"webStorageEnabled":false,"rotatable":false,"acceptSslCerts":false,"nativeEvents":true,"proxy":{"proxyType":"direct"}}
[INFO  - 2018-07-12T02:24:23.327Z] SessionManagerReqHand - _postNewSessionCommand - New Session Created: b0c7ab60-857a-11e8-835b-b305f97218d6
[INFO  - 2018-07-12T02:24:26.702Z] ShutdownReqHand - _handle - About to shutdown
[INFO  - 2018-07-12T02:25:03.992Z] GhostDriver - Main - running on port 10818
[INFO  - 2018-07-12T02:25:04.702Z] Session [c9717380-857a-11e8-a1e2-1977391c1d48] - page.settings - {"XSSAuditingEnabled":false,"javascriptCanCloseWindows":true,"javascriptCanOpenWindows":true,"javascriptEnabled":true,"loadImages":true,"localToRemoteUrlAccessEnabled":false,"userAgent":"Mozilla/5.0 (Windows NT 6.2; WOW64) AppleWebKit/538.1 (KHTML, like Gecko) PhantomJS/2.1.1 Safari/538.1","webSecurityEnabled":true}
[INFO  - 2018-07-12T02:25:04.702Z] Session [c9717380-857a-11e8-a1e2-1977391c1d48] - page.customHeaders:  - {}
[INFO  - 2018-07-12T02:25:04.702Z] Session [c9717380-857a-11e8-a1e2-1977391c1d48] - Session.negotiatedCapabilities - {"browserName":"phantomjs","version":"2.1.1","driverName":"ghostdriver","driverVersion":"1.2.0","platform":"windows-10-32bit","javascriptEnabled":true,"takesScreenshot":true,"handlesAlerts":false,"databaseEnabled":false,"locationContextEnabled":false,"applicationCacheEnabled":false,"browserConnectionEnabled":false,"cssSelectorsEnabled":true,"webStorageEnabled":false,"rotatable":false,"acceptSslCerts":false,"nativeEvents":true,"proxy":{"proxyType":"direct"}}
[INFO  - 2018-07-12T02:25:04.702Z] SessionManagerReqHand - _postNewSessionCommand - New Session Created: c9717380-857a-11e8-a1e2-1977391c1d48
[ERROR - 2018-07-12T02:25:04.977Z] RouterReqHand - _handle.error - {"name":"Invalid Command Method","message":"{\"headers\":{\"Accept-Encoding\":\"gzip\",\"Cache-Control\":\"no-cache\",\"Connection\":\"Keep-Alive\",\"Host\":\"localhost:10818\",\"User-Agent\":\"selenium/3.13.0 (java windows)\"},\"httpVersion\":\"1.1\",\"method\":\"GET\",\"url\":\"/alert_text\",\"urlParsed\":{\"anchor\":\"\",\"query\":\"\",\"file\":\"alert_text\",\"directory\":\"/\",\"path\":\"/alert_text\",\"relative\":\"/alert_text\",\"port\":\"\",\"host\":\"\",\"password\":\"\",\"user\":\"\",\"userInfo\":\"\",\"authority\":\"\",\"protocol\":\"\",\"source\":\"/alert_text\",\"queryKey\":{},\"chunks\":[\"alert_text\"]},\"urlOriginal\":\"/session/c9717380-857a-11e8-a1e2-1977391c1d48/alert_text\"}","line":202,"sourceURL":"phantomjs://code/session_request_handler.js","stack":"_handle@phantomjs://code/session_request_handler.js:202:66\n_reroute@phantomjs://code/request_handler.js:61:20\n_handle@phantomjs://code/router_request_handler.js:78:46"}
[INFO  - 2018-07-12T02:25:08.019Z] ShutdownReqHand - _handle - About to shutdown
[INFO  - 2018-07-12T02:33:04.681Z] GhostDriver - Main - running on port 36529
[INFO  - 2018-07-12T02:33:05.175Z] Session [e7d3f720-857b-11e8-994b-616c85038a34] - page.settings - {"XSSAuditingEnabled":false,"javascriptCanCloseWindows":true,"javascriptCanOpenWindows":true,"javascriptEnabled":true,"loadImages":true,"localToRemoteUrlAccessEnabled":false,"userAgent":"Mozilla/5.0 (Windows NT 6.2; WOW64) AppleWebKit/538.1 (KHTML, like Gecko) PhantomJS/2.1.1 Safari/538.1","webSecurityEnabled":true}
[INFO  - 2018-07-12T02:33:05.176Z] Session [e7d3f720-857b-11e8-994b-616c85038a34] - page.customHeaders:  - {}
[INFO  - 2018-07-12T02:33:05.176Z] Session [e7d3f720-857b-11e8-994b-616c85038a34] - Session.negotiatedCapabilities - {"browserName":"phantomjs","version":"2.1.1","driverName":"ghostdriver","driverVersion":"1.2.0","platform":"windows-10-32bit","javascriptEnabled":true,"takesScreenshot":true,"handlesAlerts":false,"databaseEnabled":false,"locationContextEnabled":false,"applicationCacheEnabled":false,"browserConnectionEnabled":false,"cssSelectorsEnabled":true,"webStorageEnabled":false,"rotatable":false,"acceptSslCerts":false,"nativeEvents":true,"proxy":{"proxyType":"direct"}}
[INFO  - 2018-07-12T02:33:05.176Z] SessionManagerReqHand - _postNewSessionCommand - New Session Created: e7d3f720-857b-11e8-994b-616c85038a34
[ERROR - 2018-07-12T02:33:05.530Z] RouterReqHand - _handle.error - {"name":"Invalid Command Method","message":"{\"headers\":{\"Accept-Encoding\":\"gzip\",\"Cache-Control\":\"no-cache\",\"Connection\":\"Keep-Alive\",\"Host\":\"localhost:36529\",\"User-Agent\":\"selenium/3.13.0 (java windows)\"},\"httpVersion\":\"1.1\",\"method\":\"GET\",\"url\":\"/alert_text\",\"urlParsed\":{\"anchor\":\"\",\"query\":\"\",\"file\":\"alert_text\",\"directory\":\"/\",\"path\":\"/alert_text\",\"relative\":\"/alert_text\",\"port\":\"\",\"host\":\"\",\"password\":\"\",\"user\":\"\",\"userInfo\":\"\",\"authority\":\"\",\"protocol\":\"\",\"source\":\"/alert_text\",\"queryKey\":{},\"chunks\":[\"alert_text\"]},\"urlOriginal\":\"/session/e7d3f720-857b-11e8-994b-616c85038a34/alert_text\"}","line":202,"sourceURL":"phantomjs://code/session_request_handler.js","stack":"_handle@phantomjs://code/session_request_handler.js:202:66\n_reroute@phantomjs://code/request_handler.js:61:20\n_handle@phantomjs://code/router_request_handler.js:78:46"}
[INFO  - 2018-07-12T02:33:08.589Z] ShutdownReqHand - _handle - About to shutdown
[INFO  - 2018-07-12T02:37:01.629Z] GhostDriver - Main - running on port 43572
[INFO  - 2018-07-12T02:37:02.407Z] Session [7539eed0-857c-11e8-913f-7b9fc5bb3658] - page.settings - {"XSSAuditingEnabled":false,"javascriptCanCloseWindows":true,"javascriptCanOpenWindows":true,"javascriptEnabled":true,"loadImages":true,"localToRemoteUrlAccessEnabled":false,"userAgent":"Mozilla/5.0 (Windows NT 6.2; WOW64) AppleWebKit/538.1 (KHTML, like Gecko) PhantomJS/2.1.1 Safari/538.1","webSecurityEnabled":true}
[INFO  - 2018-07-12T02:37:02.407Z] Session [7539eed0-857c-11e8-913f-7b9fc5bb3658] - page.customHeaders:  - {}
[INFO  - 2018-07-12T02:37:02.407Z] Session [7539eed0-857c-11e8-913f-7b9fc5bb3658] - Session.negotiatedCapabilities - {"browserName":"phantomjs","version":"2.1.1","driverName":"ghostdriver","driverVersion":"1.2.0","platform":"windows-10-32bit","javascriptEnabled":true,"takesScreenshot":true,"handlesAlerts":false,"databaseEnabled":false,"locationContextEnabled":false,"applicationCacheEnabled":false,"browserConnectionEnabled":false,"cssSelectorsEnabled":true,"webStorageEnabled":false,"rotatable":false,"acceptSslCerts":false,"nativeEvents":true,"proxy":{"proxyType":"direct"}}
[INFO  - 2018-07-12T02:37:02.408Z] SessionManagerReqHand - _postNewSessionCommand - New Session Created: 7539eed0-857c-11e8-913f-7b9fc5bb3658
[ERROR - 2018-07-12T02:37:02.749Z] RouterReqHand - _handle.error - {"name":"Invalid Command Method","message":"{\"headers\":{\"Accept-Encoding\":\"gzip\",\"Cache-Control\":\"no-cache\",\"Connection\":\"Keep-Alive\",\"Host\":\"localhost:43572\",\"User-Agent\":\"selenium/3.13.0 (java windows)\"},\"httpVersion\":\"1.1\",\"method\":\"GET\",\"url\":\"/alert_text\",\"urlParsed\":{\"anchor\":\"\",\"query\":\"\",\"file\":\"alert_text\",\"directory\":\"/\",\"path\":\"/alert_text\",\"relative\":\"/alert_text\",\"port\":\"\",\"host\":\"\",\"password\":\"\",\"user\":\"\",\"userInfo\":\"\",\"authority\":\"\",\"protocol\":\"\",\"source\":\"/alert_text\",\"queryKey\":{},\"chunks\":[\"alert_text\"]},\"urlOriginal\":\"/session/7539eed0-857c-11e8-913f-7b9fc5bb3658/alert_text\"}","line":202,"sourceURL":"phantomjs://code/session_request_handler.js","stack":"_handle@phantomjs://code/session_request_handler.js:202:66\n_reroute@phantomjs://code/request_handler.js:61:20\n_handle@phantomjs://code/router_request_handler.js:78:46"}
[INFO  - 2018-07-12T02:37:05.779Z] ShutdownReqHand - _handle - About to shutdown
